Analysis & Synthesis report for JSInth
Tue Apr 21 17:15:29 2015
Quartus II 64-Bit Version 14.1.0 Build 186 12/03/2014 SJ Web Edition


---------------------
; Table of Contents ;
---------------------
  1. Legal Notice
  2. Analysis & Synthesis Summary
  3. Analysis & Synthesis Settings
  4. Parallel Compilation
  5. Analysis & Synthesis Source Files Read
  6. Analysis & Synthesis Resource Usage Summary
  7. Analysis & Synthesis Resource Utilization by Entity
  8. Analysis & Synthesis RAM Summary
  9. Registers Removed During Synthesis
 10. General Register Statistics
 11. Multiplexer Restructuring Statistics (Restructuring Performed)
 12. Source assignments for VGA_top_level:vgamap|pixelGenerator:videoGen|colorROM:colors|altsyncram:altsyncram_component|altsyncram_b481:auto_generated
 13. Parameter Settings for User Entity Instance: VGA_top_level:vgamap|pixelGenerator:videoGen|colorROM:colors|altsyncram:altsyncram_component
 14. altsyncram Parameter Settings by Entity Instance
 15. Post-Synthesis Netlist Statistics for Top Partition
 16. Elapsed Time Per Partition
 17. Analysis & Synthesis Messages



----------------
; Legal Notice ;
----------------
Copyright (C) 1991-2014 Altera Corporation. All rights reserved.
Your use of Altera Corporation's design tools, logic functions 
and other software and tools, and its AMPP partner logic 
functions, and any output files from any of the foregoing 
(including device programming or simulation files), and any 
associated documentation or information are expressly subject 
to the terms and conditions of the Altera Program License 
Subscription Agreement, the Altera Quartus II License Agreement,
the Altera MegaCore Function License Agreement, or other 
applicable license agreement, including, without limitation, 
that your use is for the sole purpose of programming logic 
devices manufactured by Altera and sold by Altera or its 
authorized distributors.  Please refer to the applicable 
agreement for further details.



+---------------------------------------------------------------------------------+
; Analysis & Synthesis Summary                                                    ;
+------------------------------------+--------------------------------------------+
; Analysis & Synthesis Status        ; Successful - Tue Apr 21 17:15:29 2015      ;
; Quartus II 64-Bit Version          ; 14.1.0 Build 186 12/03/2014 SJ Web Edition ;
; Revision Name                      ; JSInth                                     ;
; Top-level Entity Name              ; JSInth                                     ;
; Family                             ; Cyclone IV E                               ;
; Total logic elements               ; 302                                        ;
;     Total combinational functions  ; 280                                        ;
;     Dedicated logic registers      ; 88                                         ;
; Total registers                    ; 88                                         ;
; Total pins                         ; 58                                         ;
; Total virtual pins                 ; 0                                          ;
; Total memory bits                  ; 240                                        ;
; Embedded Multiplier 9-bit elements ; 0                                          ;
; Total PLLs                         ; 0                                          ;
+------------------------------------+--------------------------------------------+


+----------------------------------------------------------------------------------------------------------------------+
; Analysis & Synthesis Settings                                                                                        ;
+----------------------------------------------------------------------------+--------------------+--------------------+
; Option                                                                     ; Setting            ; Default Value      ;
+----------------------------------------------------------------------------+--------------------+--------------------+
; Device                                                                     ; EP4CE115F29C7      ;                    ;
; Top-level entity name                                                      ; JSInth             ; JSInth             ;
; Family name                                                                ; Cyclone IV E       ; Cyclone IV GX      ;
; Use smart compilation                                                      ; Off                ; Off                ;
; Enable parallel Assembler and TimeQuest Timing Analyzer during compilation ; On                 ; On                 ;
; Enable compact report table                                                ; Off                ; Off                ;
; Restructure Multiplexers                                                   ; Auto               ; Auto               ;
; Create Debugging Nodes for IP Cores                                        ; Off                ; Off                ;
; Preserve fewer node names                                                  ; On                 ; On                 ;
; Disable OpenCore Plus hardware evaluation                                  ; Off                ; Off                ;
; Verilog Version                                                            ; Verilog_2001       ; Verilog_2001       ;
; VHDL Version                                                               ; VHDL_1993          ; VHDL_1993          ;
; State Machine Processing                                                   ; Auto               ; Auto               ;
; Safe State Machine                                                         ; Off                ; Off                ;
; Extract Verilog State Machines                                             ; On                 ; On                 ;
; Extract VHDL State Machines                                                ; On                 ; On                 ;
; Ignore Verilog initial constructs                                          ; Off                ; Off                ;
; Iteration limit for constant Verilog loops                                 ; 5000               ; 5000               ;
; Iteration limit for non-constant Verilog loops                             ; 250                ; 250                ;
; Add Pass-Through Logic to Inferred RAMs                                    ; On                 ; On                 ;
; Infer RAMs from Raw Logic                                                  ; On                 ; On                 ;
; Parallel Synthesis                                                         ; On                 ; On                 ;
; DSP Block Balancing                                                        ; Auto               ; Auto               ;
; NOT Gate Push-Back                                                         ; On                 ; On                 ;
; Power-Up Don't Care                                                        ; On                 ; On                 ;
; Remove Redundant Logic Cells                                               ; Off                ; Off                ;
; Remove Duplicate Registers                                                 ; On                 ; On                 ;
; Ignore CARRY Buffers                                                       ; Off                ; Off                ;
; Ignore CASCADE Buffers                                                     ; Off                ; Off                ;
; Ignore GLOBAL Buffers                                                      ; Off                ; Off                ;
; Ignore ROW GLOBAL Buffers                                                  ; Off                ; Off                ;
; Ignore LCELL Buffers                                                       ; Off                ; Off                ;
; Ignore SOFT Buffers                                                        ; On                 ; On                 ;
; Limit AHDL Integers to 32 Bits                                             ; Off                ; Off                ;
; Optimization Technique                                                     ; Balanced           ; Balanced           ;
; Carry Chain Length                                                         ; 70                 ; 70                 ;
; Auto Carry Chains                                                          ; On                 ; On                 ;
; Auto Open-Drain Pins                                                       ; On                 ; On                 ;
; Perform WYSIWYG Primitive Resynthesis                                      ; Off                ; Off                ;
; Auto ROM Replacement                                                       ; On                 ; On                 ;
; Auto RAM Replacement                                                       ; On                 ; On                 ;
; Auto DSP Block Replacement                                                 ; On                 ; On                 ;
; Auto Shift Register Replacement                                            ; Auto               ; Auto               ;
; Allow Shift Register Merging across Hierarchies                            ; Auto               ; Auto               ;
; Auto Clock Enable Replacement                                              ; On                 ; On                 ;
; Strict RAM Replacement                                                     ; Off                ; Off                ;
; Allow Synchronous Control Signals                                          ; On                 ; On                 ;
; Force Use of Synchronous Clear Signals                                     ; Off                ; Off                ;
; Auto RAM Block Balancing                                                   ; On                 ; On                 ;
; Auto RAM to Logic Cell Conversion                                          ; Off                ; Off                ;
; Auto Resource Sharing                                                      ; Off                ; Off                ;
; Allow Any RAM Size For Recognition                                         ; Off                ; Off                ;
; Allow Any ROM Size For Recognition                                         ; Off                ; Off                ;
; Allow Any Shift Register Size For Recognition                              ; Off                ; Off                ;
; Use LogicLock Constraints during Resource Balancing                        ; On                 ; On                 ;
; Ignore translate_off and synthesis_off directives                          ; Off                ; Off                ;
; Timing-Driven Synthesis                                                    ; On                 ; On                 ;
; Report Parameter Settings                                                  ; On                 ; On                 ;
; Report Source Assignments                                                  ; On                 ; On                 ;
; Report Connectivity Checks                                                 ; On                 ; On                 ;
; Ignore Maximum Fan-Out Assignments                                         ; Off                ; Off                ;
; Synchronization Register Chain Length                                      ; 2                  ; 2                  ;
; PowerPlay Power Optimization During Synthesis                              ; Normal compilation ; Normal compilation ;
; HDL message level                                                          ; Level2             ; Level2             ;
; Suppress Register Optimization Related Messages                            ; Off                ; Off                ;
; Number of Removed Registers Reported in Synthesis Report                   ; 5000               ; 5000               ;
; Number of Swept Nodes Reported in Synthesis Report                         ; 5000               ; 5000               ;
; Number of Inverted Registers Reported in Synthesis Report                  ; 100                ; 100                ;
; Clock MUX Protection                                                       ; On                 ; On                 ;
; Auto Gated Clock Conversion                                                ; Off                ; Off                ;
; Block Design Naming                                                        ; Auto               ; Auto               ;
; SDC constraint protection                                                  ; Off                ; Off                ;
; Synthesis Effort                                                           ; Auto               ; Auto               ;
; Shift Register Replacement - Allow Asynchronous Clear Signal               ; On                 ; On                 ;
; Pre-Mapping Resynthesis Optimization                                       ; Off                ; Off                ;
; Analysis & Synthesis Message Level                                         ; Medium             ; Medium             ;
; Disable Register Merging Across Hierarchies                                ; Auto               ; Auto               ;
; Resource Aware Inference For Block RAM                                     ; On                 ; On                 ;
; Synthesis Seed                                                             ; 1                  ; 1                  ;
+----------------------------------------------------------------------------+--------------------+--------------------+


+------------------------------------------+
; Parallel Compilation                     ;
+----------------------------+-------------+
; Processors                 ; Number      ;
+----------------------------+-------------+
; Number detected on machine ; 4           ;
; Maximum allowed            ; 2           ;
;                            ;             ;
; Average used               ; 1.00        ;
; Maximum used               ; 2           ;
;                            ;             ;
; Usage by Processor         ; % Time Used ;
;     Processor 1            ; 100.0%      ;
;     Processor 2            ; < 0.1%      ;
;     Processors 3-4         ;   0.0%      ;
+----------------------------+-------------+


+------------------------------------------------------------------------------------------------------------------------------------------------------------------------------+
; Analysis & Synthesis Source Files Read                                                                                                                                       ;
+----------------------------------+-----------------+----------------------------------------+----------------------------------------------------------------------+---------+
; File Name with User-Entered Path ; Used in Netlist ; File Type                              ; File Name with Absolute Path                                         ; Library ;
+----------------------------------+-----------------+----------------------------------------+----------------------------------------------------------------------+---------+
; VGA_top_level.vhd                ; yes             ; User VHDL File                         ; C:/Users/Sebastian/Documents/GitHub/JSInth/VGA_top_level.vhd         ;         ;
; vga_sync.vhd                     ; yes             ; User VHDL File                         ; C:/Users/Sebastian/Documents/GitHub/JSInth/vga_sync.vhd              ;         ;
; pixelGenerator.vhd               ; yes             ; User VHDL File                         ; C:/Users/Sebastian/Documents/GitHub/JSInth/pixelGenerator.vhd        ;         ;
; colorROM.vhd                     ; yes             ; User Wizard-Generated File             ; C:/Users/Sebastian/Documents/GitHub/JSInth/colorROM.vhd              ;         ;
; JSInth.vhd                       ; yes             ; User VHDL File                         ; C:/Users/Sebastian/Documents/GitHub/JSInth/JSInth.vhd                ;         ;
; FSM_volume.vhd                   ; yes             ; User VHDL File                         ; C:/Users/Sebastian/Documents/GitHub/JSInth/FSM_volume.vhd            ;         ;
; altsyncram.tdf                   ; yes             ; Megafunction                           ; c:/altera/14.1/quartus/libraries/megafunctions/altsyncram.tdf        ;         ;
; stratix_ram_block.inc            ; yes             ; Megafunction                           ; c:/altera/14.1/quartus/libraries/megafunctions/stratix_ram_block.inc ;         ;
; lpm_mux.inc                      ; yes             ; Megafunction                           ; c:/altera/14.1/quartus/libraries/megafunctions/lpm_mux.inc           ;         ;
; lpm_decode.inc                   ; yes             ; Megafunction                           ; c:/altera/14.1/quartus/libraries/megafunctions/lpm_decode.inc        ;         ;
; aglobal141.inc                   ; yes             ; Megafunction                           ; c:/altera/14.1/quartus/libraries/megafunctions/aglobal141.inc        ;         ;
; a_rdenreg.inc                    ; yes             ; Megafunction                           ; c:/altera/14.1/quartus/libraries/megafunctions/a_rdenreg.inc         ;         ;
; altrom.inc                       ; yes             ; Megafunction                           ; c:/altera/14.1/quartus/libraries/megafunctions/altrom.inc            ;         ;
; altram.inc                       ; yes             ; Megafunction                           ; c:/altera/14.1/quartus/libraries/megafunctions/altram.inc            ;         ;
; altdpram.inc                     ; yes             ; Megafunction                           ; c:/altera/14.1/quartus/libraries/megafunctions/altdpram.inc          ;         ;
; db/altsyncram_b481.tdf           ; yes             ; Auto-Generated Megafunction            ; C:/Users/Sebastian/Documents/GitHub/JSInth/db/altsyncram_b481.tdf    ;         ;
; colorrom.mif                     ; yes             ; Auto-Found Memory Initialization File  ; C:/Users/Sebastian/Documents/GitHub/JSInth/colorrom.mif              ;         ;
+----------------------------------+-----------------+----------------------------------------+----------------------------------------------------------------------+---------+


+-------------------------------------------------------------------------------------------------------+
; Analysis & Synthesis Resource Usage Summary                                                           ;
+---------------------------------------------+---------------------------------------------------------+
; Resource                                    ; Usage                                                   ;
+---------------------------------------------+---------------------------------------------------------+
; Estimated Total logic elements              ; 302                                                     ;
;                                             ;                                                         ;
; Total combinational functions               ; 280                                                     ;
; Logic element usage by number of LUT inputs ;                                                         ;
;     -- 4 input functions                    ; 166                                                     ;
;     -- 3 input functions                    ; 33                                                      ;
;     -- <=2 input functions                  ; 81                                                      ;
;                                             ;                                                         ;
; Logic elements by mode                      ;                                                         ;
;     -- normal mode                          ; 231                                                     ;
;     -- arithmetic mode                      ; 49                                                      ;
;                                             ;                                                         ;
; Total registers                             ; 88                                                      ;
;     -- Dedicated logic registers            ; 88                                                      ;
;     -- I/O registers                        ; 0                                                       ;
;                                             ;                                                         ;
; I/O pins                                    ; 58                                                      ;
; Total memory bits                           ; 240                                                     ;
;                                             ;                                                         ;
; Embedded Multiplier 9-bit elements          ; 0                                                       ;
;                                             ;                                                         ;
; Maximum fan-out node                        ; VGA_top_level:vgamap|VGA_SYNC:videoSync|pixel_clock_int ;
; Maximum fan-out                             ; 77                                                      ;
; Total fan-out                               ; 1365                                                    ;
; Average fan-out                             ; 2.66                                                    ;
+---------------------------------------------+---------------------------------------------------------+


+------------------------------------------------------------------------------------------------------------------------------------------------------------------------------------------------------------------------------------------------------------------------------------------------------------------+
; Analysis & Synthesis Resource Utilization by Entity                                                                                                                                                                                                                                                              ;
+-------------------------------------------------+-------------------+--------------+-------------+--------------+---------+-----------+------+--------------+-------------------------------------------------------------------------------------------------------------------------------------+--------------+
; Compilation Hierarchy Node                      ; LC Combinationals ; LC Registers ; Memory Bits ; DSP Elements ; DSP 9x9 ; DSP 18x18 ; Pins ; Virtual Pins ; Full Hierarchy Name                                                                                                                 ; Library Name ;
+-------------------------------------------------+-------------------+--------------+-------------+--------------+---------+-----------+------+--------------+-------------------------------------------------------------------------------------------------------------------------------------+--------------+
; |JSInth                                         ; 280 (0)           ; 88 (0)       ; 240         ; 0            ; 0       ; 0         ; 58   ; 0            ; |JSInth                                                                                                                             ; work         ;
;    |FSM_volume:volmap|                          ; 54 (54)           ; 39 (39)      ; 0           ; 0            ; 0       ; 0         ; 0    ; 0            ; |JSInth|FSM_volume:volmap                                                                                                           ; work         ;
;    |VGA_top_level:vgamap|                       ; 226 (0)           ; 49 (0)       ; 240         ; 0            ; 0       ; 0         ; 0    ; 0            ; |JSInth|VGA_top_level:vgamap                                                                                                        ; work         ;
;       |VGA_SYNC:videoSync|                      ; 59 (59)           ; 46 (46)      ; 0           ; 0            ; 0       ; 0         ; 0    ; 0            ; |JSInth|VGA_top_level:vgamap|VGA_SYNC:videoSync                                                                                     ; work         ;
;       |pixelGenerator:videoGen|                 ; 167 (167)         ; 3 (3)        ; 240         ; 0            ; 0       ; 0         ; 0    ; 0            ; |JSInth|VGA_top_level:vgamap|pixelGenerator:videoGen                                                                                ; work         ;
;          |colorROM:colors|                      ; 0 (0)             ; 0 (0)        ; 240         ; 0            ; 0       ; 0         ; 0    ; 0            ; |JSInth|VGA_top_level:vgamap|pixelGenerator:videoGen|colorROM:colors                                                                ; work         ;
;             |altsyncram:altsyncram_component|   ; 0 (0)             ; 0 (0)        ; 240         ; 0            ; 0       ; 0         ; 0    ; 0            ; |JSInth|VGA_top_level:vgamap|pixelGenerator:videoGen|colorROM:colors|altsyncram:altsyncram_component                                ; work         ;
;                |altsyncram_b481:auto_generated| ; 0 (0)             ; 0 (0)        ; 240         ; 0            ; 0       ; 0         ; 0    ; 0            ; |JSInth|VGA_top_level:vgamap|pixelGenerator:videoGen|colorROM:colors|altsyncram:altsyncram_component|altsyncram_b481:auto_generated ; work         ;
+-------------------------------------------------+-------------------+--------------+-------------+--------------+---------+-----------+------+--------------+-------------------------------------------------------------------------------------------------------------------------------------+--------------+
Note: For table entries with two numbers listed, the numbers in parentheses indicate the number of resources of the given type used by the specific entity alone. The numbers listed outside of parentheses indicate the total resources of the given type used by the specific entity and all of its sub-entities in the hierarchy.


+----------------------------------------------------------------------------------------------------------------------------------------------------------------------------------------------------------------------------------------+
; Analysis & Synthesis RAM Summary                                                                                                                                                                                                       ;
+----------------------------------------------------------------------------------------------------------------------------------------+------+------+--------------+--------------+--------------+--------------+------+--------------+
; Name                                                                                                                                   ; Type ; Mode ; Port A Depth ; Port A Width ; Port B Depth ; Port B Width ; Size ; MIF          ;
+----------------------------------------------------------------------------------------------------------------------------------------+------+------+--------------+--------------+--------------+--------------+------+--------------+
; VGA_top_level:vgamap|pixelGenerator:videoGen|colorROM:colors|altsyncram:altsyncram_component|altsyncram_b481:auto_generated|ALTSYNCRAM ; AUTO ; ROM  ; 8            ; 30           ; --           ; --           ; 240  ; colorROM.mif ;
+----------------------------------------------------------------------------------------------------------------------------------------+------+------+--------------+--------------+--------------+--------------+------+--------------+


+-----------------------------------------------------------------------------------------------+
; Registers Removed During Synthesis                                                            ;
+------------------------------------------------------+----------------------------------------+
; Register name                                        ; Reason for Removal                     ;
+------------------------------------------------------+----------------------------------------+
; VGA_top_level:vgamap|VGA_SYNC:videoSync|pixel_row[9] ; Stuck at GND due to stuck port data_in ;
; Total Number of Removed Registers = 1                ;                                        ;
+------------------------------------------------------+----------------------------------------+


+------------------------------------------------------+
; General Register Statistics                          ;
+----------------------------------------------+-------+
; Statistic                                    ; Value ;
+----------------------------------------------+-------+
; Total registers                              ; 88    ;
; Number of registers using Synchronous Clear  ; 32    ;
; Number of registers using Synchronous Load   ; 0     ;
; Number of registers using Asynchronous Clear ; 0     ;
; Number of registers using Asynchronous Load  ; 0     ;
; Number of registers using Clock Enable       ; 24    ;
; Number of registers using Preset             ; 0     ;
+----------------------------------------------+-------+


+--------------------------------------------------------------------------------------------------------------------------------------------------------------------------+
; Multiplexer Restructuring Statistics (Restructuring Performed)                                                                                                           ;
+--------------------+-----------+---------------+----------------------+------------------------+------------+------------------------------------------------------------+
; Multiplexer Inputs ; Bus Width ; Baseline Area ; Area if Restructured ; Saving if Restructured ; Registered ; Example Multiplexer Output                                 ;
+--------------------+-----------+---------------+----------------------+------------------------+------------+------------------------------------------------------------+
; 3:1                ; 10 bits   ; 20 LEs        ; 10 LEs               ; 10 LEs                 ; Yes        ; |JSInth|VGA_top_level:vgamap|VGA_SYNC:videoSync|v_count[9] ;
; 8:1                ; 3 bits    ; 15 LEs        ; 9 LEs                ; 6 LEs                  ; Yes        ; |JSInth|FSM_volume:volmap|z[2]                             ;
+--------------------+-----------+---------------+----------------------+------------------------+------------+------------------------------------------------------------+


+----------------------------------------------------------------------------------------------------------------------------------------------------+
; Source assignments for VGA_top_level:vgamap|pixelGenerator:videoGen|colorROM:colors|altsyncram:altsyncram_component|altsyncram_b481:auto_generated ;
+---------------------------------+--------------------+------+--------------------------------------------------------------------------------------+
; Assignment                      ; Value              ; From ; To                                                                                   ;
+---------------------------------+--------------------+------+--------------------------------------------------------------------------------------+
; OPTIMIZE_POWER_DURING_SYNTHESIS ; NORMAL_COMPILATION ; -    ; -                                                                                    ;
+---------------------------------+--------------------+------+--------------------------------------------------------------------------------------+


+-------------------------------------------------------------------------------------------------------------------------------------------+
; Parameter Settings for User Entity Instance: VGA_top_level:vgamap|pixelGenerator:videoGen|colorROM:colors|altsyncram:altsyncram_component ;
+------------------------------------+----------------------+-------------------------------------------------------------------------------+
; Parameter Name                     ; Value                ; Type                                                                          ;
+------------------------------------+----------------------+-------------------------------------------------------------------------------+
; BYTE_SIZE_BLOCK                    ; 8                    ; Untyped                                                                       ;
; AUTO_CARRY_CHAINS                  ; ON                   ; AUTO_CARRY                                                                    ;
; IGNORE_CARRY_BUFFERS               ; OFF                  ; IGNORE_CARRY                                                                  ;
; AUTO_CASCADE_CHAINS                ; ON                   ; AUTO_CASCADE                                                                  ;
; IGNORE_CASCADE_BUFFERS             ; OFF                  ; IGNORE_CASCADE                                                                ;
; WIDTH_BYTEENA                      ; 1                    ; Untyped                                                                       ;
; OPERATION_MODE                     ; ROM                  ; Untyped                                                                       ;
; WIDTH_A                            ; 30                   ; Signed Integer                                                                ;
; WIDTHAD_A                          ; 3                    ; Signed Integer                                                                ;
; NUMWORDS_A                         ; 8                    ; Signed Integer                                                                ;
; OUTDATA_REG_A                      ; UNREGISTERED         ; Untyped                                                                       ;
; ADDRESS_ACLR_A                     ; NONE                 ; Untyped                                                                       ;
; OUTDATA_ACLR_A                     ; NONE                 ; Untyped                                                                       ;
; WRCONTROL_ACLR_A                   ; NONE                 ; Untyped                                                                       ;
; INDATA_ACLR_A                      ; NONE                 ; Untyped                                                                       ;
; BYTEENA_ACLR_A                     ; NONE                 ; Untyped                                                                       ;
; WIDTH_B                            ; 1                    ; Untyped                                                                       ;
; WIDTHAD_B                          ; 1                    ; Untyped                                                                       ;
; NUMWORDS_B                         ; 1                    ; Untyped                                                                       ;
; INDATA_REG_B                       ; CLOCK1               ; Untyped                                                                       ;
; WRCONTROL_WRADDRESS_REG_B          ; CLOCK1               ; Untyped                                                                       ;
; RDCONTROL_REG_B                    ; CLOCK1               ; Untyped                                                                       ;
; ADDRESS_REG_B                      ; CLOCK1               ; Untyped                                                                       ;
; OUTDATA_REG_B                      ; UNREGISTERED         ; Untyped                                                                       ;
; BYTEENA_REG_B                      ; CLOCK1               ; Untyped                                                                       ;
; INDATA_ACLR_B                      ; NONE                 ; Untyped                                                                       ;
; WRCONTROL_ACLR_B                   ; NONE                 ; Untyped                                                                       ;
; ADDRESS_ACLR_B                     ; NONE                 ; Untyped                                                                       ;
; OUTDATA_ACLR_B                     ; NONE                 ; Untyped                                                                       ;
; RDCONTROL_ACLR_B                   ; NONE                 ; Untyped                                                                       ;
; BYTEENA_ACLR_B                     ; NONE                 ; Untyped                                                                       ;
; WIDTH_BYTEENA_A                    ; 1                    ; Signed Integer                                                                ;
; WIDTH_BYTEENA_B                    ; 1                    ; Untyped                                                                       ;
; RAM_BLOCK_TYPE                     ; AUTO                 ; Untyped                                                                       ;
; BYTE_SIZE                          ; 8                    ; Untyped                                                                       ;
; READ_DURING_WRITE_MODE_MIXED_PORTS ; DONT_CARE            ; Untyped                                                                       ;
; READ_DURING_WRITE_MODE_PORT_A      ; NEW_DATA_NO_NBE_READ ; Untyped                                                                       ;
; READ_DURING_WRITE_MODE_PORT_B      ; NEW_DATA_NO_NBE_READ ; Untyped                                                                       ;
; INIT_FILE                          ; colorROM.mif         ; Untyped                                                                       ;
; INIT_FILE_LAYOUT                   ; PORT_A               ; Untyped                                                                       ;
; MAXIMUM_DEPTH                      ; 0                    ; Untyped                                                                       ;
; CLOCK_ENABLE_INPUT_A               ; BYPASS               ; Untyped                                                                       ;
; CLOCK_ENABLE_INPUT_B               ; NORMAL               ; Untyped                                                                       ;
; CLOCK_ENABLE_OUTPUT_A              ; BYPASS               ; Untyped                                                                       ;
; CLOCK_ENABLE_OUTPUT_B              ; NORMAL               ; Untyped                                                                       ;
; CLOCK_ENABLE_CORE_A                ; USE_INPUT_CLKEN      ; Untyped                                                                       ;
; CLOCK_ENABLE_CORE_B                ; USE_INPUT_CLKEN      ; Untyped                                                                       ;
; ENABLE_ECC                         ; FALSE                ; Untyped                                                                       ;
; ECC_PIPELINE_STAGE_ENABLED         ; FALSE                ; Untyped                                                                       ;
; WIDTH_ECCSTATUS                    ; 3                    ; Untyped                                                                       ;
; DEVICE_FAMILY                      ; Cyclone IV E         ; Untyped                                                                       ;
; CBXI_PARAMETER                     ; altsyncram_b481      ; Untyped                                                                       ;
+------------------------------------+----------------------+-------------------------------------------------------------------------------+
Note: In order to hide this table in the UI and the text report file, please set the "Show Parameter Settings in Synthesis Report" option in "Analysis and Synthesis Settings -> More Settings" to "Off".


+------------------------------------------------------------------------------------------------------------------------------------------+
; altsyncram Parameter Settings by Entity Instance                                                                                         ;
+-------------------------------------------+----------------------------------------------------------------------------------------------+
; Name                                      ; Value                                                                                        ;
+-------------------------------------------+----------------------------------------------------------------------------------------------+
; Number of entity instances                ; 1                                                                                            ;
; Entity Instance                           ; VGA_top_level:vgamap|pixelGenerator:videoGen|colorROM:colors|altsyncram:altsyncram_component ;
;     -- OPERATION_MODE                     ; ROM                                                                                          ;
;     -- WIDTH_A                            ; 30                                                                                           ;
;     -- NUMWORDS_A                         ; 8                                                                                            ;
;     -- OUTDATA_REG_A                      ; UNREGISTERED                                                                                 ;
;     -- WIDTH_B                            ; 1                                                                                            ;
;     -- NUMWORDS_B                         ; 1                                                                                            ;
;     -- ADDRESS_REG_B                      ; CLOCK1                                                                                       ;
;     -- OUTDATA_REG_B                      ; UNREGISTERED                                                                                 ;
;     -- RAM_BLOCK_TYPE                     ; AUTO                                                                                         ;
;     -- READ_DURING_WRITE_MODE_MIXED_PORTS ; DONT_CARE                                                                                    ;
+-------------------------------------------+----------------------------------------------------------------------------------------------+


+-----------------------------------------------------+
; Post-Synthesis Netlist Statistics for Top Partition ;
+-----------------------+-----------------------------+
; Type                  ; Count                       ;
+-----------------------+-----------------------------+
; boundary_port         ; 58                          ;
; cycloneiii_ff         ; 88                          ;
;     ENA               ; 24                          ;
;     SCLR              ; 32                          ;
;     plain             ; 32                          ;
; cycloneiii_lcell_comb ; 280                         ;
;     arith             ; 49                          ;
;         2 data inputs ; 49                          ;
;     normal            ; 231                         ;
;         1 data inputs ; 4                           ;
;         2 data inputs ; 28                          ;
;         3 data inputs ; 33                          ;
;         4 data inputs ; 166                         ;
; cycloneiii_ram_block  ; 30                          ;
;                       ;                             ;
; Max LUT depth         ; 9.00                        ;
; Average LUT depth     ; 4.94                        ;
+-----------------------+-----------------------------+


+-------------------------------+
; Elapsed Time Per Partition    ;
+----------------+--------------+
; Partition Name ; Elapsed Time ;
+----------------+--------------+
; Top            ; 00:00:02     ;
+----------------+--------------+


+-------------------------------+
; Analysis & Synthesis Messages ;
+-------------------------------+
Info: *******************************************************************
Info: Running Quartus II 64-Bit Analysis & Synthesis
    Info: Version 14.1.0 Build 186 12/03/2014 SJ Web Edition
    Info: Processing started: Tue Apr 21 17:15:06 2015
Info: Command: quartus_map --read_settings_files=on --write_settings_files=off JSInth -c JSInth
Info (11104): Parallel Compilation has detected 4 hyper-threaded processors. However, the extra hyper-threaded processors will not be used by default. Parallel Compilation will use 2 of the 2 physical processors detected instead.
Info (12021): Found 2 design units, including 1 entities, in source file vga_top_level.vhd
    Info (12022): Found design unit 1: VGA_top_level-structural
    Info (12023): Found entity 1: VGA_top_level
Info (12021): Found 2 design units, including 1 entities, in source file vga_sync.vhd
    Info (12022): Found design unit 1: VGA_SYNC-behavioral
    Info (12023): Found entity 1: VGA_SYNC
Info (12021): Found 2 design units, including 1 entities, in source file pixelgenerator.vhd
    Info (12022): Found design unit 1: pixelGenerator-behavioral
    Info (12023): Found entity 1: pixelGenerator
Info (12021): Found 2 design units, including 1 entities, in source file colorrom.vhd
    Info (12022): Found design unit 1: colorrom-SYN
    Info (12023): Found entity 1: colorROM
Info (12021): Found 2 design units, including 1 entities, in source file jsinth.vhd
    Info (12022): Found design unit 1: JSInth-main
    Info (12023): Found entity 1: JSInth
Info (12021): Found 2 design units, including 1 entities, in source file fsm_volume.vhd
    Info (12022): Found design unit 1: FSM_volume-states
    Info (12023): Found entity 1: FSM_volume
Info (12127): Elaborating entity "JSInth" for the top level hierarchy
Info (12128): Elaborating entity "FSM_volume" for hierarchy "FSM_volume:volmap"
Warning (10631): VHDL Process Statement warning at FSM_volume.vhd(33): inferring latch(es) for signal or variable "init", which holds its previous value in one or more paths through the process
Info (10041): Inferred latch for "FSM_cycle:init" at FSM_volume.vhd(36)
Info (12128): Elaborating entity "VGA_top_level" for hierarchy "VGA_top_level:vgamap"
Info (12128): Elaborating entity "pixelGenerator" for hierarchy "VGA_top_level:vgamap|pixelGenerator:videoGen"
Info (12128): Elaborating entity "colorROM" for hierarchy "VGA_top_level:vgamap|pixelGenerator:videoGen|colorROM:colors"
Info (12128): Elaborating entity "altsyncram" for hierarchy "VGA_top_level:vgamap|pixelGenerator:videoGen|colorROM:colors|altsyncram:altsyncram_component"
Info (12130): Elaborated megafunction instantiation "VGA_top_level:vgamap|pixelGenerator:videoGen|colorROM:colors|altsyncram:altsyncram_component"
Info (12133): Instantiated megafunction "VGA_top_level:vgamap|pixelGenerator:videoGen|colorROM:colors|altsyncram:altsyncram_component" with the following parameter:
    Info (12134): Parameter "clock_enable_input_a" = "BYPASS"
    Info (12134): Parameter "clock_enable_output_a" = "BYPASS"
    Info (12134): Parameter "init_file" = "colorROM.mif"
    Info (12134): Parameter "intended_device_family" = "Cyclone II"
    Info (12134): Parameter "lpm_hint" = "ENABLE_RUNTIME_MOD=NO"
    Info (12134): Parameter "lpm_type" = "altsyncram"
    Info (12134): Parameter "numwords_a" = "8"
    Info (12134): Parameter "operation_mode" = "ROM"
    Info (12134): Parameter "outdata_aclr_a" = "NONE"
    Info (12134): Parameter "outdata_reg_a" = "UNREGISTERED"
    Info (12134): Parameter "widthad_a" = "3"
    Info (12134): Parameter "width_a" = "30"
    Info (12134): Parameter "width_byteena_a" = "1"
Info (12021): Found 1 design units, including 1 entities, in source file db/altsyncram_b481.tdf
    Info (12023): Found entity 1: altsyncram_b481
Info (12128): Elaborating entity "altsyncram_b481" for hierarchy "VGA_top_level:vgamap|pixelGenerator:videoGen|colorROM:colors|altsyncram:altsyncram_component|altsyncram_b481:auto_generated"
Info (12128): Elaborating entity "VGA_SYNC" for hierarchy "VGA_top_level:vgamap|VGA_SYNC:videoSync"
Info (286030): Timing-Driven Synthesis is running
Info (16010): Generating hard_block partition "hard_block:auto_generated_inst"
    Info (16011): Adding 0 node(s), including 0 DDIO, 0 PLL, 0 transceiver and 0 LCELL
Warning (21074): Design contains 3 input pin(s) that do not drive logic
    Warning (15610): No output dependent on input pin "reset"
    Warning (15610): No output dependent on input pin "oct_sel"
    Warning (15610): No output dependent on input pin "synth_sel"
Info (21057): Implemented 392 device resources after synthesis - the final resource count might be different
    Info (21058): Implemented 24 input pins
    Info (21059): Implemented 34 output pins
    Info (21061): Implemented 304 logic cells
    Info (21064): Implemented 30 RAM segments
Info: Quartus II 64-Bit Analysis & Synthesis was successful. 0 errors, 5 warnings
    Info: Peak virtual memory: 660 megabytes
    Info: Processing ended: Tue Apr 21 17:15:29 2015
    Info: Elapsed time: 00:00:23
    Info: Total CPU time (on all processors): 00:00:44


